
Showing logs for build [32mcb-kubecd-bdd-spring-1577465203-zs6rn-1[0m stage [32mfrom-build-pack[0m and container [32mstep-credential-initializer-bxk2w[0m
{"level":"warn","ts":1577466026.7841806,"logger":"fallback-logger","caller":"logging/config.go:69","msg":"Fetch GitHub commit ID from kodata failed: \"ref: refs/heads/master\" is not a valid GitHub commit ID"}
{"level":"info","ts":1577466026.7846453,"logger":"fallback-logger","caller":"creds-init/main.go:40","msg":"Credentials initialized."}

Showing logs for build [32mcb-kubecd-bdd-spring-1577465203-zs6rn-1[0m stage [32mfrom-build-pack[0m and container [32mstep-working-dir-initializer-66c5m[0m
{"level":"warn","ts":1577466027.8135555,"logger":"fallback-logger","caller":"logging/config.go:69","msg":"Fetch GitHub commit ID from kodata failed: open /var/run/ko/HEAD: no such file or directory"}
{"level":"info","ts":1577466027.8150074,"logger":"fallback-logger","caller":"bash/main.go:65","msg":"Successfully executed command \"mkdir -p /workspace/source\""}

Showing logs for build [32mcb-kubecd-bdd-spring-1577465203-zs6rn-1[0m stage [32mfrom-build-pack[0m and container [32mstep-place-tools[0m

Showing logs for build [32mcb-kubecd-bdd-spring-1577465203-zs6rn-1[0m stage [32mfrom-build-pack[0m and container [32mstep-git-source-cb-kubecd-bdd-spring-1577465203-zgxtr[0m
{"level":"warn","ts":1577466097.8568113,"logger":"fallback-logger","caller":"logging/config.go:69","msg":"Fetch GitHub commit ID from kodata failed: \"ref: refs/heads/master\" is not a valid GitHub commit ID"}
{"level":"info","ts":1577466099.1584218,"logger":"fallback-logger","caller":"git/git.go:102","msg":"Successfully cloned https://github.com/cb-kubecd/bdd-spring-1577465203.git @ master in path /workspace/source"}

Showing logs for build [32mcb-kubecd-bdd-spring-1577465203-zs6rn-1[0m stage [32mfrom-build-pack[0m and container [32mstep-git-merge[0m
Using SHAs from PULL_REFS=master:07a4b927ce1b19b604ea43b55b8a90a3d2d9c503,1:54ba03dd00b0a08cf697e7d3075da3de553061c9
DEBUG: ran git fetch --unshallow origin 54ba03dd00b0a08cf697e7d3075da3de553061c9: 07a4b927ce1b19b604ea43b55b8a90a3d2d9c503: in 
DEBUG: ran git checkout master in 
DEBUG: ran git reset --hard 07a4b927ce1b19b604ea43b55b8a90a3d2d9c503 in 
DEBUG: ran clean --force -d . in 
DEBUG: ran git merge 54ba03dd00b0a08cf697e7d3075da3de553061c9 in 
Merged SHA 54ba03dd00b0a08cf697e7d3075da3de553061c9 with commit message 'My first PR commit' into base branch master

Showing logs for build [32mcb-kubecd-bdd-spring-1577465203-zs6rn-1[0m stage [32mfrom-build-pack[0m and container [32mstep-build-set-version[0m
Picked up _JAVA_OPTIONS: -XX:+UnlockExperimentalVMOptions -XX:+UseCGroupMemoryLimitForHeap -Dsun.zip.disableMemoryMapping=true -XX:+UseParallelGC -XX:MinHeapFreeRatio=5 -XX:MaxHeapFreeRatio=10 -XX:GCTimeRatio=4 -XX:AdaptiveSizePolicyWeight=90 -Xms10m -Xmx192m
OpenJDK 64-Bit Server VM warning: If the number of processors is expected to increase from one, then you should configure the number of parallel GC threads appropriately using -XX:ParallelGCThreads=N
[INFO] Scanning for projects...
[INFO] 
[INFO] -----------------< com.example:bdd-spring-1577465203 >------------------
[INFO] Building demo 0.0.1-SNAPSHOT
[INFO] --------------------------------[ jar ]---------------------------------
[INFO] 
[INFO] --- versions-maven-plugin:2.7:set (default-cli) @ bdd-spring-1577465203 ---
[INFO] Searching for local aggregator root...
[INFO] Local aggregation root: /workspace/source
[INFO] Processing change of com.example:bdd-spring-1577465203:0.0.1-SNAPSHOT -> 0.0.0-SNAPSHOT-PR-1-1
[INFO] Processing com.example:bdd-spring-1577465203
[INFO]     Updating project com.example:bdd-spring-1577465203
[INFO]         from version 0.0.1-SNAPSHOT to 0.0.0-SNAPSHOT-PR-1-1
[INFO] 
[INFO] ------------------------------------------------------------------------
[INFO] BUILD SUCCESS
[INFO] ------------------------------------------------------------------------
[INFO] Total time:  24.095 s
[INFO] Finished at: 2019-12-27T17:02:11Z
[INFO] ------------------------------------------------------------------------

Showing logs for build [32mcb-kubecd-bdd-spring-1577465203-zs6rn-1[0m stage [32mfrom-build-pack[0m and container [32mstep-build-mvn-install[0m
Picked up _JAVA_OPTIONS: -XX:+UnlockExperimentalVMOptions -XX:+UseCGroupMemoryLimitForHeap -Dsun.zip.disableMemoryMapping=true -XX:+UseParallelGC -XX:MinHeapFreeRatio=5 -XX:MaxHeapFreeRatio=10 -XX:GCTimeRatio=4 -XX:AdaptiveSizePolicyWeight=90 -Xms10m -Xmx192m
OpenJDK 64-Bit Server VM warning: If the number of processors is expected to increase from one, then you should configure the number of parallel GC threads appropriately using -XX:ParallelGCThreads=N
[INFO] Scanning for projects...
[INFO] 
[INFO] -----------------< com.example:bdd-spring-1577465203 >------------------
[INFO] Building demo 0.0.0-SNAPSHOT-PR-1-1
[INFO] --------------------------------[ jar ]---------------------------------
[INFO] 
[INFO] --- maven-resources-plugin:3.1.0:resources (default-resources) @ bdd-spring-1577465203 ---
[INFO] Using 'UTF-8' encoding to copy filtered resources.
[INFO] Copying 1 resource
[INFO] Copying 0 resource
[INFO] 
[INFO] --- maven-compiler-plugin:3.8.1:compile (default-compile) @ bdd-spring-1577465203 ---
[INFO] Changes detected - recompiling the module!
[INFO] Compiling 1 source file to /workspace/source/target/classes
[INFO] 
[INFO] --- maven-resources-plugin:3.1.0:testResources (default-testResources) @ bdd-spring-1577465203 ---
[INFO] Using 'UTF-8' encoding to copy filtered resources.
[INFO] skip non existing resourceDirectory /workspace/source/src/test/resources
[INFO] 
[INFO] --- maven-compiler-plugin:3.8.1:testCompile (default-testCompile) @ bdd-spring-1577465203 ---
[INFO] Changes detected - recompiling the module!
[INFO] Compiling 1 source file to /workspace/source/target/test-classes
[INFO] 
[INFO] --- maven-surefire-plugin:3.0.0-M1:test (default-test) @ bdd-spring-1577465203 ---
[INFO] 
[INFO] -------------------------------------------------------
[INFO]  T E S T S
[INFO] -------------------------------------------------------
[INFO] Running com.example.bddspring1577465203.DemoApplicationTests
17:02:33.853 [main] DEBUG org.springframework.test.context.BootstrapUtils - Instantiating CacheAwareContextLoaderDelegate from class [org.springframework.test.context.cache.DefaultCacheAwareContextLoaderDelegate]
17:02:33.938 [main] DEBUG org.springframework.test.context.BootstrapUtils - Instantiating BootstrapContext using constructor [public org.springframework.test.context.support.DefaultBootstrapContext(java.lang.Class,org.springframework.test.context.CacheAwareContextLoaderDelegate)]
17:02:34.048 [main] DEBUG org.springframework.test.context.BootstrapUtils - Instantiating TestContextBootstrapper for test class [com.example.bddspring1577465203.DemoApplicationTests] from class [org.springframework.boot.test.context.SpringBootTestContextBootstrapper]
17:02:34.126 [main] INFO org.springframework.boot.test.context.SpringBootTestContextBootstrapper - Neither @ContextConfiguration nor @ContextHierarchy found for test class [com.example.bddspring1577465203.DemoApplicationTests], using SpringBootContextLoader
17:02:34.134 [main] DEBUG org.springframework.test.context.support.AbstractContextLoader - Did not detect default resource location for test class [com.example.bddspring1577465203.DemoApplicationTests]: class path resource [com/example/bddspring1577465203/DemoApplicationTests-context.xml] does not exist
17:02:34.136 [main] DEBUG org.springframework.test.context.support.AbstractContextLoader - Did not detect default resource location for test class [com.example.bddspring1577465203.DemoApplicationTests]: class path resource [com/example/bddspring1577465203/DemoApplicationTestsContext.groovy] does not exist
17:02:34.136 [main] INFO org.springframework.test.context.support.AbstractContextLoader - Could not detect default resource locations for test class [com.example.bddspring1577465203.DemoApplicationTests]: no resource found for suffixes {-context.xml, Context.groovy}.
17:02:34.138 [main] INFO org.springframework.test.context.support.AnnotationConfigContextLoaderUtils - Could not detect default configuration classes for test class [com.example.bddspring1577465203.DemoApplicationTests]: DemoApplicationTests does not declare any static, non-private, non-final, nested classes annotated with @Configuration.
17:02:34.239 [main] DEBUG org.springframework.test.context.support.ActiveProfilesUtils - Could not find an 'annotation declaring class' for annotation type [org.springframework.test.context.ActiveProfiles] and class [com.example.bddspring1577465203.DemoApplicationTests]
17:02:34.386 [main] DEBUG org.springframework.context.annotation.ClassPathScanningCandidateComponentProvider - Identified candidate component class: file [/workspace/source/target/classes/com/example/bddspring1577465203/DemoApplication.class]
17:02:34.395 [main] INFO org.springframework.boot.test.context.SpringBootTestContextBootstrapper - Found @SpringBootConfiguration com.example.bddspring1577465203.DemoApplication for test class com.example.bddspring1577465203.DemoApplicationTests
17:02:34.733 [main] DEBUG org.springframework.boot.test.context.SpringBootTestContextBootstrapper - @TestExecutionListeners is not present for class [com.example.bddspring1577465203.DemoApplicationTests]: using defaults.
17:02:34.739 [main] INFO org.springframework.boot.test.context.SpringBootTestContextBootstrapper - Loaded default TestExecutionListener class names from location [META-INF/spring.factories]: [org.springframework.boot.test.mock.mockito.MockitoTestExecutionListener, org.springframework.boot.test.mock.mockito.ResetMocksTestExecutionListener, org.springframework.boot.test.autoconfigure.restdocs.RestDocsTestExecutionListener, org.springframework.boot.test.autoconfigure.web.client.MockRestServiceServerResetTestExecutionListener, org.springframework.boot.test.autoconfigure.web.servlet.MockMvcPrintOnlyOnFailureTestExecutionListener, org.springframework.boot.test.autoconfigure.web.servlet.WebDriverTestExecutionListener, org.springframework.test.context.web.ServletTestExecutionListener, org.springframework.test.context.support.DirtiesContextBeforeModesTestExecutionListener, org.springframework.test.context.support.DependencyInjectionTestExecutionListener, org.springframework.test.context.support.DirtiesContextTestExecutionListener, org.springframework.test.context.transaction.TransactionalTestExecutionListener, org.springframework.test.context.jdbc.SqlScriptsTestExecutionListener, org.springframework.test.context.event.EventPublishingTestExecutionListener]
17:02:34.765 [main] DEBUG org.springframework.boot.test.context.SpringBootTestContextBootstrapper - Skipping candidate TestExecutionListener [org.springframework.test.context.transaction.TransactionalTestExecutionListener] due to a missing dependency. Specify custom listener classes or make the default listener classes and their required dependencies available. Offending class: [org/springframework/transaction/TransactionDefinition]
17:02:34.768 [main] DEBUG org.springframework.boot.test.context.SpringBootTestContextBootstrapper - Skipping candidate TestExecutionListener [org.springframework.test.context.jdbc.SqlScriptsTestExecutionListener] due to a missing dependency. Specify custom listener classes or make the default listener classes and their required dependencies available. Offending class: [org/springframework/transaction/interceptor/TransactionAttribute]
17:02:34.769 [main] INFO org.springframework.boot.test.context.SpringBootTestContextBootstrapper - Using TestExecutionListeners: [org.springframework.test.context.web.ServletTestExecutionListener@5fbdfdcf, org.springframework.test.context.support.DirtiesContextBeforeModesTestExecutionListener@4efc180e, org.springframework.boot.test.mock.mockito.MockitoTestExecutionListener@bd4dc25, org.springframework.boot.test.autoconfigure.SpringBootDependencyInjectionTestExecutionListener@25084a1e, org.springframework.test.context.support.DirtiesContextTestExecutionListener@156b88f5, org.springframework.test.context.event.EventPublishingTestExecutionListener@3bf9ce3e, org.springframework.boot.test.mock.mockito.ResetMocksTestExecutionListener@16610890, org.springframework.boot.test.autoconfigure.restdocs.RestDocsTestExecutionListener@71def8f8, org.springframework.boot.test.autoconfigure.web.client.MockRestServiceServerResetTestExecutionListener@383bfa16, org.springframework.boot.test.autoconfigure.web.servlet.MockMvcPrintOnlyOnFailureTestExecutionListener@4d465b11, org.springframework.boot.test.autoconfigure.web.servlet.WebDriverTestExecutionListener@53fdffa1]
17:02:34.784 [main] DEBUG org.springframework.test.context.support.AbstractDirtiesContextTestExecutionListener - Before test class: context [DefaultTestContext@35aea049 testClass = DemoApplicationTests, testInstance = [null], testMethod = [null], testException = [null], mergedContextConfiguration = [WebMergedContextConfiguration@7205765b testClass = DemoApplicationTests, locations = '{}', classes = '{class com.example.bddspring1577465203.DemoApplication}', contextInitializerClasses = '[]', activeProfiles = '{}', propertySourceLocations = '{}', propertySourceProperties = '{org.springframework.boot.test.context.SpringBootTestContextBootstrapper=true}', contextCustomizers = set[org.springframework.boot.test.context.filter.ExcludeFilterContextCustomizer@159f197, org.springframework.boot.test.json.DuplicateJsonObjectContextCustomizerFactory$DuplicateJsonObjectContextCustomizer@1ffe63b9, org.springframework.boot.test.mock.mockito.MockitoContextCustomizer@0, org.springframework.boot.test.web.client.TestRestTemplateContextCustomizer@60d8c9b7, org.springframework.boot.test.autoconfigure.properties.PropertyMappingContextCustomizer@0, org.springframework.boot.test.autoconfigure.web.servlet.WebDriverContextCustomizerFactory$Customizer@7ce3cb8e], resourceBasePath = 'src/main/webapp', contextLoader = 'org.springframework.boot.test.context.SpringBootContextLoader', parent = [null]], attributes = map['org.springframework.test.context.web.ServletTestExecutionListener.activateListener' -> true]], class annotated with @DirtiesContext [false] with mode [null].
17:02:34.906 [main] DEBUG org.springframework.test.context.support.TestPropertySourceUtils - Adding inlined properties to environment: {spring.jmx.enabled=false, org.springframework.boot.test.context.SpringBootTestContextBootstrapper=true, server.port=-1}

  .   ____          _            __ _ _
 /\\ / ___'_ __ _ _(_)_ __  __ _ \ \ \ \
( ( )\___ | '_ | '_| | '_ \/ _` | \ \ \ \
 \\/  ___)| |_)| | | | | || (_| |  ) ) ) )
  '  |____| .__|_| |_|_| |_\__, | / / / /
 =========|_|==============|___/=/_/_/_/
 :: Spring Boot ::        (v2.2.2.RELEASE)

2019-12-27 17:02:35.665  INFO 62 --- [           main] c.e.b.DemoApplicationTests               : Starting DemoApplicationTests on cb-kubecd-bdd-spring-1577465203-zs6rn-1-from-build-pack-4mc8n-p with PID 62 (started by root in /workspace/source)
2019-12-27 17:02:35.678  INFO 62 --- [           main] c.e.b.DemoApplicationTests               : No active profile set, falling back to default profiles: default
2019-12-27 17:02:43.446  INFO 62 --- [           main] o.s.s.concurrent.ThreadPoolTaskExecutor  : Initializing ExecutorService 'applicationTaskExecutor'
2019-12-27 17:02:45.352  INFO 62 --- [           main] o.s.b.a.e.web.EndpointLinksResolver      : Exposing 2 endpoint(s) beneath base path '/actuator'
2019-12-27 17:02:45.560  INFO 62 --- [           main] c.e.b.DemoApplicationTests               : Started DemoApplicationTests in 10.62 seconds (JVM running for 13.484)
[INFO] Tests run: 1, Failures: 0, Errors: 0, Skipped: 0, Time elapsed: 12.688 s - in com.example.bddspring1577465203.DemoApplicationTests
2019-12-27 17:02:46.460  INFO 62 --- [extShutdownHook] o.s.s.concurrent.ThreadPoolTaskExecutor  : Shutting down ExecutorService 'applicationTaskExecutor'
[INFO] 
[INFO] Results:
[INFO] 
[INFO] Tests run: 1, Failures: 0, Errors: 0, Skipped: 0
[INFO] 
[INFO] 
[INFO] --- maven-jar-plugin:3.1.2:jar (default-jar) @ bdd-spring-1577465203 ---
[INFO] Building jar: /workspace/source/target/bdd-spring-1577465203-0.0.0-SNAPSHOT-PR-1-1.jar
[INFO] 
[INFO] --- spring-boot-maven-plugin:2.2.2.RELEASE:repackage (repackage) @ bdd-spring-1577465203 ---
[INFO] Replacing main artifact with repackaged archive
[INFO] 
[INFO] --- maven-install-plugin:2.5.2:install (default-install) @ bdd-spring-1577465203 ---
[INFO] Installing /workspace/source/target/bdd-spring-1577465203-0.0.0-SNAPSHOT-PR-1-1.jar to /home/jenkins/.mvnrepository/com/example/bdd-spring-1577465203/0.0.0-SNAPSHOT-PR-1-1/bdd-spring-1577465203-0.0.0-SNAPSHOT-PR-1-1.jar
[INFO] Installing /workspace/source/pom.xml to /home/jenkins/.mvnrepository/com/example/bdd-spring-1577465203/0.0.0-SNAPSHOT-PR-1-1/bdd-spring-1577465203-0.0.0-SNAPSHOT-PR-1-1.pom
[INFO] ------------------------------------------------------------------------
[INFO] BUILD SUCCESS
[INFO] ------------------------------------------------------------------------
[INFO] Total time:  37.181 s
[INFO] Finished at: 2019-12-27T17:02:52Z
[INFO] ------------------------------------------------------------------------

Showing logs for build [32mcb-kubecd-bdd-spring-1577465203-zs6rn-1[0m stage [32mfrom-build-pack[0m and container [32mstep-build-skaffold-version[0m
v1.0.0

Showing logs for build [32mcb-kubecd-bdd-spring-1577465203-zs6rn-1[0m stage [32mfrom-build-pack[0m and container [32mstep-build-container-build[0m
[36mINFO[0m[0000] Downloading base image openjdk:8-jdk-slim    
ERROR: logging before flag.Parse: E1227 17:02:54.443215      10 metadata.go:142] while reading 'google-dockercfg' metadata: http status code: 404 while fetching url http://metadata.google.internal./computeMetadata/v1/instance/attributes/google-dockercfg
ERROR: logging before flag.Parse: E1227 17:02:54.446317      10 metadata.go:159] while reading 'google-dockercfg-url' metadata: http status code: 404 while fetching url http://metadata.google.internal./computeMetadata/v1/instance/attributes/google-dockercfg-url
2019/12/27 17:02:54 No matching credentials were found, falling back on anonymous
[36mINFO[0m[0001] Error while retrieving image from cache: getting file info: stat /workspace/sha256:c97eb5f626198602270d17adebaf19b7ab1080db65263107efbb95efee3fefe0: no such file or directory 
[36mINFO[0m[0001] Downloading base image openjdk:8-jdk-slim    
2019/12/27 17:02:55 No matching credentials were found, falling back on anonymous
[36mINFO[0m[0002] cmd: EXPOSE                                  
[36mINFO[0m[0002] Adding exposed port: 8080/tcp                
[36mINFO[0m[0002] Using files from context: [/workspace/source/pom.xml] 
[36mINFO[0m[0002] Using files from context: [/workspace/source/target/bdd-spring-1577465203-0.0.0-SNAPSHOT-PR-1-1.jar] 
[36mINFO[0m[0002] Skipping unpacking as no commands require it. 
[36mINFO[0m[0002] Taking snapshot of full filesystem...        
[36mINFO[0m[0002] ENV PORT 8080                                
[36mINFO[0m[0002] No files changed in this command, skipping snapshotting. 
[36mINFO[0m[0002] ENV CLASSPATH /opt/lib                       
[36mINFO[0m[0002] No files changed in this command, skipping snapshotting. 
[36mINFO[0m[0002] EXPOSE 8080                                  
[36mINFO[0m[0002] cmd: EXPOSE                                  
[36mINFO[0m[0002] Adding exposed port: 8080/tcp                
[36mINFO[0m[0002] No files changed in this command, skipping snapshotting. 
[36mINFO[0m[0002] Using files from context: [/workspace/source/pom.xml] 
[36mINFO[0m[0002] COPY pom.xml target/lib* /opt/lib/           
[36mINFO[0m[0002] Taking snapshot of files...                  
[36mINFO[0m[0002] Using files from context: [/workspace/source/target/bdd-spring-1577465203-0.0.0-SNAPSHOT-PR-1-1.jar] 
[36mINFO[0m[0002] COPY target/*.jar /opt/app.jar               
[36mINFO[0m[0002] Taking snapshot of files...                  
[36mINFO[0m[0002] WORKDIR /opt                                 
[36mINFO[0m[0002] cmd: workdir                                 
[36mINFO[0m[0002] Changed working directory to /opt            
[36mINFO[0m[0002] No files changed in this command, skipping snapshotting. 
[36mINFO[0m[0002] CMD ["java", "-XX:+UnlockExperimentalVMOptions", "-XX:+UseCGroupMemoryLimitForHeap", "-jar", "app.jar"] 
[36mINFO[0m[0002] No files changed in this command, skipping snapshotting. 
2019/12/27 17:02:57 existing blob: sha256:c2a806caa98c159f2c9254dabd60e04352b5c8b46d2e6cc9bd8f7bfc037a4e0b
2019/12/27 17:02:57 existing blob: sha256:c5943b75c9747aebea25c3fc4bf3d4b4247101176b78ada93d08446dd33f94a0
2019/12/27 17:02:57 existing blob: sha256:2f1dc2bdcfe193ce54affa45170354ca76667c40f8cf536b6282dd379e17e24a
2019/12/27 17:02:57 existing blob: sha256:000eee12ec04cc914bf96e8f5dee7767510c2aca3816af6078bd9fbe3150920c
2019/12/27 17:03:00 pushed blob: sha256:103f19cb0157b4a6fcb45d97c2c07a4a7fa55491aa43d5fc9cdb86592302ad9e
2019/12/27 17:03:00 pushed blob: sha256:332ec9e7788629ac11509372014b9514f460fd92d680481d2cf9773568f9d993
2019/12/27 17:03:02 pushed blob: sha256:4ff0daf2b6bf78bf91be1224f6d8cf8f79f3268d3471745504fcaa063fef1122
2019/12/27 17:03:03 gcr.io/jenkins-x-bdd3/bdd-spring-1577465203:0.0.0-SNAPSHOT-PR-1-1: digest: sha256:031768d57d3c8c2154dc692ae375770c745dfb4be8e9e7d1909cc8f78f3fdd3d size: 1244

Showing logs for build [32mcb-kubecd-bdd-spring-1577465203-zs6rn-1[0m stage [32mfrom-build-pack[0m and container [32mstep-postbuild-post-build[0m
no CVE provider running in the current ** namespace so skip adding image to be analysed

Showing logs for build [32mcb-kubecd-bdd-spring-1577465203-zs6rn-1[0m stage [32mfrom-build-pack[0m and container [32mstep-promote-make-preview[0m
sed -i -e "s/version:.*/version: 0.0.0-SNAPSHOT-PR-1-1/" Chart.yaml
sed -i -e "s/version:.*/version: 0.0.0-SNAPSHOT-PR-1-1/" ../*/Chart.yaml
sed -i -e "s|repository:.*|repository: gcr.io\/jenkins-x-bdd3\/bdd-spring-1577465203|" values.yaml
sed -i -e "s/tag:.*/tag: 0.0.0-SNAPSHOT-PR-1-1/" values.yaml
echo "  version: 0.0.0-SNAPSHOT-PR-1-1" >> requirements.yaml
** step helm build
WARNING: No $CHART_REPOSITORY defined so using the default value of: http://jenkins-x-chartmuseum:8080
Adding missing Helm repo: storage.googleapis.com https://storage.googleapis.com/chartmuseum.jenkins-x.io
Read credentials for https://storage.googleapis.com/chartmuseum.jenkins-x.io from vault helm/repos
Successfully added Helm repository storage.googleapis.com.
Adding missing Helm repo: jenkins-x-chartmuseum http://jenkins-x-chartmuseum:8080
Read credentials for http://jenkins-x-chartmuseum:8080 from vault helm/repos
Successfully added Helm repository jenkins-x-chartmuseum.
WARNING: No $CHART_REPOSITORY defined so using the default value of: http://jenkins-x-chartmuseum:8080
Adding missing Helm repo: chartmuseum.jenkins-x.io http://chartmuseum.jenkins-x.io
Read credentials for http://chartmuseum.jenkins-x.io from vault helm/repos
Successfully added Helm repository chartmuseum.jenkins-x.io.

Showing logs for build [32mcb-kubecd-bdd-spring-1577465203-zs6rn-1[0m stage [32mfrom-build-pack[0m and container [32mstep-promote-jx-preview[0m
Creating a preview
Created environment cb-kubecd-bdd-spring-1577465203-pr-1
Namespace **-cb-kubecd-bdd-spring-1577465203-pr-1 created 
expose:
  Annotations:
    helm.sh/hook: post-install,post-upgrade
    helm.sh/hook-delete-policy: hook-succeeded
  config:
    domain: c**d4.bdd.jenkins-x.rocks
    exposer: Ingress
    http: "true"
preview:
  image:
    repository: gcr.io/jenkins-x-bdd3/bdd-spring-1577465203
    tag: 0.0.0-SNAPSHOT-PR-1-1


Updating PipelineActivities cb-kubecd-bdd-spring-1577465203-pr-1-1 which has status Running
WARNING: preview application http://bdd-spring-1577465203.**-cb-kubecd-bdd-spring-1577465203-pr-1.c**d4.bdd.jenkins-x.rocks not available, error was Get http://bdd-spring-1577465203.**-cb-kubecd-bdd-spring-1577465203-pr-1.c**d4.bdd.jenkins-x.rocks: dial tcp: lookup bdd-spring-1577465203.**-cb-kubecd-bdd-spring-1577465203-pr-1.c**d4.bdd.jenkins-x.rocks on 10.51.240.10:53: no such host, delaying for: 1.050146921s
WARNING: preview application http://bdd-spring-1577465203.**-cb-kubecd-bdd-spring-1577465203-pr-1.c**d4.bdd.jenkins-x.rocks not available, error was Get http://bdd-spring-1577465203.**-cb-kubecd-bdd-spring-1577465203-pr-1.c**d4.bdd.jenkins-x.rocks: dial tcp: lookup bdd-spring-1577465203.**-cb-kubecd-bdd-spring-1577465203-pr-1.c**d4.bdd.jenkins-x.rocks on 10.51.240.10:53: no such host, delaying for: 2.123731972s
WARNING: preview application http://bdd-spring-1577465203.**-cb-kubecd-bdd-spring-1577465203-pr-1.c**d4.bdd.jenkins-x.rocks not available, error was Get http://bdd-spring-1577465203.**-cb-kubecd-bdd-spring-1577465203-pr-1.c**d4.bdd.jenkins-x.rocks: dial tcp: lookup bdd-spring-1577465203.**-cb-kubecd-bdd-spring-1577465203-pr-1.c**d4.bdd.jenkins-x.rocks on 10.51.240.10:53: no such host, delaying for: 2.458403445s
WARNING: preview application http://bdd-spring-1577465203.**-cb-kubecd-bdd-spring-1577465203-pr-1.c**d4.bdd.jenkins-x.rocks not available, error was Get http://bdd-spring-1577465203.**-cb-kubecd-bdd-spring-1577465203-pr-1.c**d4.bdd.jenkins-x.rocks: dial tcp: lookup bdd-spring-1577465203.**-cb-kubecd-bdd-spring-1577465203-pr-1.c**d4.bdd.jenkins-x.rocks on 10.51.240.10:53: no such host, delaying for: 3.806441792s
WARNING: preview application http://bdd-spring-1577465203.**-cb-kubecd-bdd-spring-1577465203-pr-1.c**d4.bdd.jenkins-x.rocks not available, error was Get http://bdd-spring-1577465203.**-cb-kubecd-bdd-spring-1577465203-pr-1.c**d4.bdd.jenkins-x.rocks: dial tcp: lookup bdd-spring-1577465203.**-cb-kubecd-bdd-spring-1577465203-pr-1.c**d4.bdd.jenkins-x.rocks on 10.51.240.10:53: no such host, delaying for: 6.567118239s
WARNING: preview application http://bdd-spring-1577465203.**-cb-kubecd-bdd-spring-1577465203-pr-1.c**d4.bdd.jenkins-x.rocks not available, error was Get http://bdd-spring-1577465203.**-cb-kubecd-bdd-spring-1577465203-pr-1.c**d4.bdd.jenkins-x.rocks: dial tcp: lookup bdd-spring-1577465203.**-cb-kubecd-bdd-spring-1577465203-pr-1.c**d4.bdd.jenkins-x.rocks on 10.51.240.10:53: no such host, delaying for: 6.190486398s
WARNING: preview application http://bdd-spring-1577465203.**-cb-kubecd-bdd-spring-1577465203-pr-1.c**d4.bdd.jenkins-x.rocks not available, error was Get http://bdd-spring-1577465203.**-cb-kubecd-bdd-spring-1577465203-pr-1.c**d4.bdd.jenkins-x.rocks: dial tcp: lookup bdd-spring-1577465203.**-cb-kubecd-bdd-spring-1577465203-pr-1.c**d4.bdd.jenkins-x.rocks on 10.51.240.10:53: no such host, delaying for: 5.84140762s
WARNING: preview application http://bdd-spring-1577465203.**-cb-kubecd-bdd-spring-1577465203-pr-1.c**d4.bdd.jenkins-x.rocks not available, error was Get http://bdd-spring-1577465203.**-cb-kubecd-bdd-spring-1577465203-pr-1.c**d4.bdd.jenkins-x.rocks: dial tcp: lookup bdd-spring-1577465203.**-cb-kubecd-bdd-spring-1577465203-pr-1.c**d4.bdd.jenkins-x.rocks on 10.51.240.10:53: no such host, delaying for: 14.204706135s
WARNING: preview application http://bdd-spring-1577465203.**-cb-kubecd-bdd-spring-1577465203-pr-1.c**d4.bdd.jenkins-x.rocks not available, error was Get http://bdd-spring-1577465203.**-cb-kubecd-bdd-spring-1577465203-pr-1.c**d4.bdd.jenkins-x.rocks: dial tcp: lookup bdd-spring-1577465203.**-cb-kubecd-bdd-spring-1577465203-pr-1.c**d4.bdd.jenkins-x.rocks on 10.51.240.10:53: no such host, delaying for: 37.773980375s
WARNING: preview application http://bdd-spring-1577465203.**-cb-kubecd-bdd-spring-1577465203-pr-1.c**d4.bdd.jenkins-x.rocks not available, error was Get http://bdd-spring-1577465203.**-cb-kubecd-bdd-spring-1577465203-pr-1.c**d4.bdd.jenkins-x.rocks: dial tcp: lookup bdd-spring-1577465203.**-cb-kubecd-bdd-spring-1577465203-pr-1.c**d4.bdd.jenkins-x.rocks on 10.51.240.10:53: no such host, delaying for: 55.738381144s
WARNING: preview application http://bdd-spring-1577465203.**-cb-kubecd-bdd-spring-1577465203-pr-1.c**d4.bdd.jenkins-x.rocks not available, error was Get http://bdd-spring-1577465203.**-cb-kubecd-bdd-spring-1577465203-pr-1.c**d4.bdd.jenkins-x.rocks: dial tcp: lookup bdd-spring-1577465203.**-cb-kubecd-bdd-spring-1577465203-pr-1.c**d4.bdd.jenkins-x.rocks on 10.51.240.10:53: no such host, delaying for: 1m4.921413071s
WARNING: preview application http://bdd-spring-1577465203.**-cb-kubecd-bdd-spring-1577465203-pr-1.c**d4.bdd.jenkins-x.rocks not available, error was Get http://bdd-spring-1577465203.**-cb-kubecd-bdd-spring-1577465203-pr-1.c**d4.bdd.jenkins-x.rocks: dial tcp: lookup bdd-spring-1577465203.**-cb-kubecd-bdd-spring-1577465203-pr-1.c**d4.bdd.jenkins-x.rocks on 10.51.240.10:53: no such host, delaying for: 1m15.104434734s
WARNING: preview application http://bdd-spring-1577465203.**-cb-kubecd-bdd-spring-1577465203-pr-1.c**d4.bdd.jenkins-x.rocks not available, error was Get http://bdd-spring-1577465203.**-cb-kubecd-bdd-spring-1577465203-pr-1.c**d4.bdd.jenkins-x.rocks: dial tcp: lookup bdd-spring-1577465203.**-cb-kubecd-bdd-spring-1577465203-pr-1.c**d4.bdd.jenkins-x.rocks on 10.51.240.10:53: no such host, delaying for: 48.630616573s
Preview application is now available at: http://bdd-spring-1577465203.**-cb-kubecd-bdd-spring-1577465203-pr-1.c**d4.bdd.jenkins-x.rocks
